#
# A fatal error has been detected by the Java Runtime Environment:
#
#  EXCEPTION_ACCESS_VIOLATION (0xc0000005) at pc=0x00000000775bf405, pid=25036, tid=0x0000000000003d48
#
# JRE version: Java(TM) SE Runtime Environment (8.0_231-b11) (build 1.8.0_231-b11)
# Java VM: Java HotSpot(TM) 64-Bit Server VM (25.231-b11 mixed mode windows-amd64 compressed oops)
# Problematic frame:
# V  [jvm.dll+0xff405]
#
# Failed to write core dump. Minidumps are not enabled by default on client versions of Windows
#
# If you would like to submit a bug report, please visit:
#   http://bugreport.java.com/bugreport/crash.jsp
#

---------------  T H R E A D  ---------------

Current thread (0x0000000017d07800):  VMThread [stack: 0x0000000018da0000,0x0000000018ea0000] [id=15688]

siginfo: ExceptionCode=0xc0000005, reading address 0x0000000000000008

Registers:
RAX=0x0000000000000000, RBX=0x0000000017a31428, RCX=0x0000000000000000, RDX=0x0000000000000000
RSP=0x0000000018e9f420, RBP=0x0000000000000026, RSI=0x0000000077cd6e60, RDI=0x0000000018e9f700
R8 =0x0000000000000000, R9 =0x0000000017a31428, R10=0x00000000000000ca, R11=0x0000000017a335ce
R12=0x0000000000000001, R13=0x0000000000000001, R14=0x00000000000003d8, R15=0x0000000018e9f520
RIP=0x00000000775bf405, EFLAGS=0x0000000000010202

Top of Stack: (sp=0x0000000018e9f420)
0x0000000018e9f420:   0000000018e9f700 00000000031f08da
0x0000000018e9f430:   000000000000001e 00000000775c0159
0x0000000018e9f440:   0000000017c15528 00000000775be5d2
0x0000000018e9f450:   0000000018e9f700 0000000018e9f4c0
0x0000000018e9f460:   0000ce2942679ba3 00000000775bfa02
0x0000000018e9f470:   0000000018e9f530 0000000000000001
0x0000000018e9f480:   0000000018e9f540 0000000018e9f700
0x0000000018e9f490:   0000000018e9f570 00000000775c2630
0x0000000018e9f4a0:   0000000000000026 0000000000000026
0x0000000018e9f4b0:   0000000000000037 00000000775bf886
0x0000000018e9f4c0:   0000000000000026 0000000018e9f570
0x0000000018e9f4d0:   0000000018e9f530 0000000000000037
0x0000000018e9f4e0:   0000000017a33610 00000000775c318f
0x0000000018e9f4f0:   0000000018e9f700 0000000018e9f570
0x0000000018e9f500:   0000000017c15500 0000000017a33610
0x0000000018e9f510:   0000000000000004 0000000000000000 

Instructions: (pc=0x00000000775bf405)
0x00000000775bf3e5:   8b d2 e8 54 7f ff ff 48 8b cb 8b d0 e8 5a 78 ff
0x00000000775bf3f5:   ff 48 8d 35 63 7a 71 00 48 63 c8 48 8b 44 cb 50
0x00000000775bf405:   0f b6 48 08 8b 05 35 7a 71 00 80 f9 4c 74 2b 80
0x00000000775bf415:   f9 5b 74 26 80 f9 4a 74 18 80 f9 44 74 13 48 8d 


Register to memory mapping:

RAX=0x0000000000000000 is an unknown value
RBX=0x0000000017a31428 is pointing into metadata
RCX=0x0000000000000000 is an unknown value
RDX=0x0000000000000000 is an unknown value
RSP=0x0000000018e9f420 is an unknown value
RBP=0x0000000000000026 is an unknown value
RSI=0x0000000077cd6e60 is an unknown value
RDI=0x0000000018e9f700 is an unknown value
R8 =0x0000000000000000 is an unknown value
R9 =0x0000000017a31428 is pointing into metadata
R10=0x00000000000000ca is an unknown value
R11=0x0000000017a335ce is pointing into metadata
R12=0x0000000000000001 is an unknown value
R13=0x0000000000000001 is an unknown value
R14=0x00000000000003d8 is an unknown value
R15=0x0000000018e9f520 is an unknown value


Stack: [0x0000000018da0000,0x0000000018ea0000],  sp=0x0000000018e9f420,  free space=1021k
Native frames: (J=compiled Java code, j=interpreted, Vv=VM code, C=native code)
V  [jvm.dll+0xff405]
V  [jvm.dll+0x102630]
V  [jvm.dll+0x10318f]
V  [jvm.dll+0x1039d5]
V  [jvm.dll+0x103c22]
V  [jvm.dll+0xc50be]
V  [jvm.dll+0xc5748]
V  [jvm.dll+0xc587a]
V  [jvm.dll+0xc5a78]
V  [jvm.dll+0x10fb2a]
V  [jvm.dll+0x12d3ef]
V  [jvm.dll+0x1bf54f]
V  [jvm.dll+0x24d677]
V  [jvm.dll+0x24c916]
V  [jvm.dll+0x24cdb1]
V  [jvm.dll+0x24cfce]
V  [jvm.dll+0x29fd8a]
C  [msvcr100.dll+0x21d9f]
C  [msvcr100.dll+0x21e3b]
C  [KERNEL32.DLL+0x17034]
C  [ntdll.dll+0x52651]

VM_Operation (0x000000001949ef90): GetOrSetLocal, mode: safepoint, requested by thread 0x0000000017d4f800


---------------  P R O C E S S  ---------------

Java Threads: ( => current thread )
  0x000000001a7b5000 JavaThread "ReaderThread" [_thread_in_native, id=24524, stack(0x000000001ac20000,0x000000001ad20000)]
  0x0000000019d7b000 JavaThread "Service Thread" daemon [_thread_blocked, id=16160, stack(0x000000001a120000,0x000000001a220000)]
  0x0000000017d74800 JavaThread "C1 CompilerThread2" daemon [_thread_blocked, id=7908, stack(0x0000000019c20000,0x0000000019d20000)]
  0x0000000017d72800 JavaThread "C2 CompilerThread1" daemon [_thread_blocked, id=8200, stack(0x0000000019b20000,0x0000000019c20000)]
  0x0000000017d6f000 JavaThread "C2 CompilerThread0" daemon [_thread_blocked, id=25280, stack(0x0000000019a20000,0x0000000019b20000)]
  0x0000000017d5f800 JavaThread "JDWP Command Reader" daemon [_thread_in_native, id=25504, stack(0x0000000019920000,0x0000000019a20000)]
  0x0000000017d5e800 JavaThread "JDWP Event Helper Thread" daemon [_thread_blocked, id=1724, stack(0x0000000019820000,0x0000000019920000)]
  0x0000000017d4f800 JavaThread "JDWP Transport Listener: dt_socket" daemon [_thread_blocked, id=12816, stack(0x00000000193a0000,0x00000000194a0000)]
  0x0000000017d45800 JavaThread "Attach Listener" daemon [_thread_blocked, id=18836, stack(0x00000000192a0000,0x00000000193a0000)]
  0x0000000017d42800 JavaThread "Signal Dispatcher" daemon [_thread_blocked, id=24468, stack(0x00000000191a0000,0x00000000192a0000)]
  0x0000000017d30000 JavaThread "Finalizer" daemon [_thread_blocked, id=23116, stack(0x0000000018fa0000,0x00000000190a0000)]
  0x00000000031e5000 JavaThread "Reference Handler" daemon [_thread_blocked, id=21144, stack(0x0000000018ea0000,0x0000000018fa0000)]
  0x00000000030f6000 JavaThread "main" [_thread_blocked, id=22140, stack(0x0000000002ef0000,0x0000000002ff0000)]

Other Threads:
=>0x0000000017d07800 VMThread [stack: 0x0000000018da0000,0x0000000018ea0000] [id=15688]
  0x0000000019d8b800 WatcherThread [stack: 0x000000001a220000,0x000000001a320000] [id=8764]

VM state:at safepoint (normal execution)

VM Mutex/Monitor currently owned by a thread:  ([mutex/lock_event])
[0x00000000030f2bd0] Threads_lock - owner thread: 0x0000000017d07800

heap address: 0x0000000081800000, size: 2024 MB, Compressed Oops mode: 32-bit
Narrow klass base: 0x0000000000000000, Narrow klass shift: 3
Compressed class space size: 1073741824 Address: 0x0000000100000000

Heap:
 PSYoungGen      total 38400K, used 7089K [0x00000000d5d80000, 0x00000000d8800000, 0x0000000100000000)
  eden space 33280K, 5% used [0x00000000d5d80000,0x00000000d5f6c810,0x00000000d7e00000)
  from space 5120K, 99% used [0x00000000d7e00000,0x00000000d82fff78,0x00000000d8300000)
  to   space 5120K, 0% used [0x00000000d8300000,0x00000000d8300000,0x00000000d8800000)
 ParOldGen       total 87552K, used 698K [0x0000000081800000, 0x0000000086d80000, 0x00000000d5d80000)
  object space 87552K, 0% used [0x0000000081800000,0x00000000818ae8a0,0x0000000086d80000)
 Metaspace       used 12117K, capacity 12348K, committed 12544K, reserved 1060864K
  class space    used 1435K, capacity 1534K, committed 1536K, reserved 1048576K

Card table byte_map: [0x00000000125b0000,0x00000000129b0000] byte_map_base: 0x00000000121a4000

Marking Bits: (ParMarkBitMap*) 0x0000000077ce6d90
 Begin Bits: [0x0000000013060000, 0x0000000015000000)
 End Bits:   [0x0000000015000000, 0x0000000016fa0000)

Polling page: 0x0000000002eb0000

CodeCache: size=245760Kb used=3871Kb max_used=3871Kb free=241888Kb
 bounds [0x00000000031f0000, 0x00000000035c0000, 0x00000000121f0000]
 total_blobs=1362 nmethods=1016 adapters=266
 compilation: enabled

Compilation events (10 events):
Event: 1.957 Thread 0x0000000017d74800 1013       3       java.util.zip.ZipFile$ZipFileInflaterInputStream::finalize (5 bytes)
Event: 1.957 Thread 0x0000000017d74800 nmethod 1013 0x00000000035a4310 code [0x00000000035a4480, 0x00000000035a4608]
Event: 1.957 Thread 0x0000000017d74800 1012       3       java.util.zip.ZipFile$ZipFileInputStream::finalize (5 bytes)
Event: 1.957 Thread 0x0000000017d74800 nmethod 1012 0x00000000035a4690 code [0x00000000035a4800, 0x00000000035a4988]
Event: 3.584 Thread 0x0000000017d74800 1014       3       java.util.Properties::saveConvert (434 bytes)
Event: 3.591 Thread 0x0000000017d74800 nmethod 1014 0x00000000035a4a10 code [0x00000000035a5580, 0x00000000035af918]
Event: 3.591 Thread 0x0000000017d74800 1015       3       java.io.BufferedWriter::ensureOpen (18 bytes)
Event: 3.592 Thread 0x0000000017d74800 nmethod 1015 0x00000000035b8fd0 code [0x00000000035b9140, 0x00000000035b93a8]
Event: 3.592 Thread 0x0000000017d74800 1016       3       java.io.BufferedWriter::min (9 bytes)
Event: 3.592 Thread 0x0000000017d74800 nmethod 1016 0x00000000035b9490 code [0x00000000035b95e0, 0x00000000035b9770]

GC Heap History (2 events):
Event: 1.945 GC heap before
{Heap before GC invocations=1 (full 0):
 PSYoungGen      total 38400K, used 33280K [0x00000000d5d80000, 0x00000000d8800000, 0x0000000100000000)
  eden space 33280K, 100% used [0x00000000d5d80000,0x00000000d7e00000,0x00000000d7e00000)
  from space 5120K, 0% used [0x00000000d8300000,0x00000000d8300000,0x00000000d8800000)
  to   space 5120K, 0% used [0x00000000d7e00000,0x00000000d7e00000,0x00000000d8300000)
 ParOldGen       total 87552K, used 0K [0x0000000081800000, 0x0000000086d80000, 0x00000000d5d80000)
  object space 87552K, 0% used [0x0000000081800000,0x0000000081800000,0x0000000086d80000)
 Metaspace       used 11920K, capacity 12188K, committed 12288K, reserved 1060864K
  class space    used 1426K, capacity 1502K, committed 1536K, reserved 1048576K
Event: 1.952 GC heap after
Heap after GC invocations=1 (full 0):
 PSYoungGen      total 38400K, used 5119K [0x00000000d5d80000, 0x00000000d8800000, 0x0000000100000000)
  eden space 33280K, 0% used [0x00000000d5d80000,0x00000000d5d80000,0x00000000d7e00000)
  from space 5120K, 99% used [0x00000000d7e00000,0x00000000d82fff78,0x00000000d8300000)
  to   space 5120K, 0% used [0x00000000d8300000,0x00000000d8300000,0x00000000d8800000)
 ParOldGen       total 87552K, used 698K [0x0000000081800000, 0x0000000086d80000, 0x00000000d5d80000)
  object space 87552K, 0% used [0x0000000081800000,0x00000000818ae8a0,0x0000000086d80000)
 Metaspace       used 11920K, capacity 12188K, committed 12288K, reserved 1060864K
  class space    used 1426K, capacity 1502K, committed 1536K, reserved 1048576K
}

Deoptimization events (10 events):
Event: 1.785 Thread 0x00000000030f6000 Uncommon trap: reason=range_check action=none pc=0x000000000352d9dc method=sun.reflect.generics.parser.SignatureParser.current()C @ 34
Event: 1.786 Thread 0x00000000030f6000 Uncommon trap: reason=range_check action=none pc=0x000000000352d9dc method=sun.reflect.generics.parser.SignatureParser.current()C @ 34
Event: 1.919 Thread 0x00000000030f6000 Uncommon trap: reason=bimorphic action=maybe_recompile pc=0x0000000003526a20 method=java.util.HashMap.putVal(ILjava/lang/Object;Ljava/lang/Object;ZZ)Ljava/lang/Object; @ 203
Event: 1.921 Thread 0x00000000030f6000 Uncommon trap: reason=range_check action=none pc=0x000000000352d9dc method=sun.reflect.generics.parser.SignatureParser.current()C @ 34
Event: 1.922 Thread 0x00000000030f6000 Uncommon trap: reason=range_check action=none pc=0x000000000352d9dc method=sun.reflect.generics.parser.SignatureParser.current()C @ 34
Event: 1.922 Thread 0x00000000030f6000 Uncommon trap: reason=range_check action=none pc=0x000000000352d9dc method=sun.reflect.generics.parser.SignatureParser.current()C @ 34
Event: 1.922 Thread 0x00000000030f6000 Uncommon trap: reason=range_check action=none pc=0x000000000352d9dc method=sun.reflect.generics.parser.SignatureParser.current()C @ 34
Event: 1.922 Thread 0x00000000030f6000 Uncommon trap: reason=range_check action=none pc=0x000000000352d9dc method=sun.reflect.generics.parser.SignatureParser.current()C @ 34
Event: 1.923 Thread 0x00000000030f6000 Uncommon trap: reason=range_check action=none pc=0x000000000352d9dc method=sun.reflect.generics.parser.SignatureParser.current()C @ 34
Event: 1.923 Thread 0x00000000030f6000 Uncommon trap: reason=range_check action=none pc=0x000000000352d9dc method=sun.reflect.generics.parser.SignatureParser.current()C @ 34

Classes redefined (2 events):
Event: 43.108 Thread 0x0000000017d07800 redefined class name=testbase.TestBase, count=1
Event: 57.105 Thread 0x0000000017d07800 redefined class name=testbase.TestBase, count=2

Internal exceptions (10 events):
Event: 1.921 Thread 0x00000000030f6000 Exception <a 'java/lang/ClassNotFoundException': java/lang/EnumBeanInfo> (0x00000000d7c7a6e8) thrown at [C:\re\workspace\8-2-build-windows-amd64-cygwin\jdk8u231\13620\hotspot\src\share\vm\classfile\systemDictionary.cpp, line 210]
Event: 1.921 Thread 0x00000000030f6000 Exception <a 'java/lang/ClassNotFoundException': java/lang/EnumCustomizer> (0x00000000d7c81c10) thrown at [C:\re\workspace\8-2-build-windows-amd64-cygwin\jdk8u231\13620\hotspot\src\share\vm\classfile\systemDictionary.cpp, line 210]
Event: 1.921 Thread 0x00000000030f6000 Exception <a 'java/lang/ArrayIndexOutOfBoundsException': 92> (0x00000000d7c83db8) thrown at [C:\re\workspace\8-2-build-windows-amd64-cygwin\jdk8u231\13620\hotspot\src\share\vm\interpreter\interpreterRuntime.cpp, line 368]
Event: 1.922 Thread 0x00000000030f6000 Exception <a 'java/lang/ArrayIndexOutOfBoundsException': 6> (0x00000000d7c865e8) thrown at [C:\re\workspace\8-2-build-windows-amd64-cygwin\jdk8u231\13620\hotspot\src\share\vm\interpreter\interpreterRuntime.cpp, line 368]
Event: 1.922 Thread 0x00000000030f6000 Exception <a 'java/lang/ArrayIndexOutOfBoundsException': 40> (0x00000000d7c87610) thrown at [C:\re\workspace\8-2-build-windows-amd64-cygwin\jdk8u231\13620\hotspot\src\share\vm\interpreter\interpreterRuntime.cpp, line 368]
Event: 1.922 Thread 0x00000000030f6000 Exception <a 'java/lang/ArrayIndexOutOfBoundsException': 70> (0x00000000d7c89250) thrown at [C:\re\workspace\8-2-build-windows-amd64-cygwin\jdk8u231\13620\hotspot\src\share\vm\interpreter\interpreterRuntime.cpp, line 368]
Event: 1.922 Thread 0x00000000030f6000 Exception <a 'java/lang/ArrayIndexOutOfBoundsException': 24> (0x00000000d7c8a650) thrown at [C:\re\workspace\8-2-build-windows-amd64-cygwin\jdk8u231\13620\hotspot\src\share\vm\interpreter\interpreterRuntime.cpp, line 368]
Event: 1.923 Thread 0x00000000030f6000 Exception <a 'java/lang/ClassNotFoundException': com/aventstack/extentreports/StatusCustomizer> (0x00000000d7ca0400) thrown at [C:\re\workspace\8-2-build-windows-amd64-cygwin\jdk8u231\13620\hotspot\src\share\vm\classfile\systemDictionary.cpp, line 210]
Event: 1.923 Thread 0x00000000030f6000 Exception <a 'java/lang/ArrayIndexOutOfBoundsException': 77> (0x00000000d7ca23d0) thrown at [C:\re\workspace\8-2-build-windows-amd64-cygwin\jdk8u231\13620\hotspot\src\share\vm\interpreter\interpreterRuntime.cpp, line 368]
Event: 1.923 Thread 0x00000000030f6000 Exception <a 'java/lang/ArrayIndexOutOfBoundsException': 57> (0x00000000d7ca46e0) thrown at [C:\re\workspace\8-2-build-windows-amd64-cygwin\jdk8u231\13620\hotspot\src\share\vm\interpreter\interpreterRuntime.cpp, line 368]

Events (10 events):
Event: 57.105 Executing VM operation: RedefineClasses done
Event: 57.129 Executing VM operation: ChangeBreakpoints
Event: 57.130 Executing VM operation: ChangeBreakpoints done
Event: 57.137 Executing VM operation: ChangeBreakpoints
Event: 57.138 Executing VM operation: ChangeBreakpoints done
Event: 57.254 Executing VM operation: GetOwnedMonitorInfo
Event: 57.254 Executing VM operation: GetOwnedMonitorInfo done
Event: 57.254 Executing VM operation: GetCurrentContendedMonitor
Event: 57.254 Executing VM operation: GetCurrentContendedMonitor done
Event: 57.259 Executing VM operation: GetOrSetLocal


Dynamic libraries:
0x00007ff70b890000 - 0x00007ff70b8c7000 	C:\Program Files\Java\jre1.8.0_231\bin\javaw.exe
0x00007ff87fff0000 - 0x00007ff8801e8000 	C:\WINDOWS\SYSTEM32\ntdll.dll
0x00007ff87e670000 - 0x00007ff87e72d000 	C:\WINDOWS\System32\KERNEL32.DLL
0x00007ff87da40000 - 0x00007ff87dd0e000 	C:\WINDOWS\System32\KERNELBASE.dll
0x00007ff87ec10000 - 0x00007ff87ecbe000 	C:\WINDOWS\System32\ADVAPI32.dll
0x00007ff87e1e0000 - 0x00007ff87e27e000 	C:\WINDOWS\System32\msvcrt.dll
0x00007ff87e4a0000 - 0x00007ff87e53c000 	C:\WINDOWS\System32\sechost.dll
0x00007ff87e540000 - 0x00007ff87e665000 	C:\WINDOWS\System32\RPCRT4.dll
0x00007ff87e940000 - 0x00007ff87eae0000 	C:\WINDOWS\System32\USER32.dll
0x00007ff87df90000 - 0x00007ff87dfb2000 	C:\WINDOWS\System32\win32u.dll
0x00007ff87ee60000 - 0x00007ff87ee8a000 	C:\WINDOWS\System32\GDI32.dll
0x00007ff87d710000 - 0x00007ff87d81b000 	C:\WINDOWS\System32\gdi32full.dll
0x00007ff87d820000 - 0x00007ff87d8bd000 	C:\WINDOWS\System32\msvcp_win.dll
0x00007ff87d8f0000 - 0x00007ff87d9f0000 	C:\WINDOWS\System32\ucrtbase.dll
0x00007ff872c60000 - 0x00007ff872efa000 	C:\WINDOWS\WinSxS\amd64_microsoft.windows.common-controls_6595b64144ccf1df_6.0.19041.1110_none_60b5254171f9507e\COMCTL32.dll
0x00007ff87e7e0000 - 0x00007ff87e810000 	C:\WINDOWS\System32\IMM32.DLL
0x00000000509d0000 - 0x0000000050aa2000 	C:\Program Files\Java\jre1.8.0_231\bin\msvcr100.dll
0x00000000774c0000 - 0x0000000077d66000 	C:\Program Files\Java\jre1.8.0_231\bin\server\jvm.dll
0x00007ff87e490000 - 0x00007ff87e498000 	C:\WINDOWS\System32\PSAPI.DLL
0x00007ff878360000 - 0x00007ff878369000 	C:\WINDOWS\SYSTEM32\WSOCK32.dll
0x00007ff870b90000 - 0x00007ff870bb7000 	C:\WINDOWS\SYSTEM32\WINMM.dll
0x00007ff874c00000 - 0x00007ff874c0a000 	C:\WINDOWS\SYSTEM32\VERSION.dll
0x00007ff87ecc0000 - 0x00007ff87ed2b000 	C:\WINDOWS\System32\WS2_32.dll
0x00007ff869410000 - 0x00007ff86941f000 	C:\Program Files\Java\jre1.8.0_231\bin\verify.dll
0x00007ff85d820000 - 0x00007ff85d849000 	C:\Program Files\Java\jre1.8.0_231\bin\java.dll
0x00007ff852010000 - 0x00007ff852045000 	C:\Program Files\Java\jre1.8.0_231\bin\jdwp.dll
0x00007ff86cbc0000 - 0x00007ff86cbc8000 	C:\Program Files\Java\jre1.8.0_231\bin\npt.dll
0x00007ff8624e0000 - 0x00007ff8624f6000 	C:\Program Files\Java\jre1.8.0_231\bin\zip.dll
0x00007ff87f1f0000 - 0x00007ff87f934000 	C:\WINDOWS\System32\SHELL32.dll
0x00007ff87b810000 - 0x00007ff87bfa4000 	C:\WINDOWS\SYSTEM32\windows.storage.dll
0x00007ff87ee90000 - 0x00007ff87f1e4000 	C:\WINDOWS\System32\combase.dll
0x00007ff87d0a0000 - 0x00007ff87d0d0000 	C:\WINDOWS\SYSTEM32\Wldp.dll
0x00007ff87eb40000 - 0x00007ff87ebed000 	C:\WINDOWS\System32\SHCORE.dll
0x00007ff87ee00000 - 0x00007ff87ee55000 	C:\WINDOWS\System32\shlwapi.dll
0x00007ff87d650000 - 0x00007ff87d66f000 	C:\WINDOWS\SYSTEM32\profapi.dll
0x00007ff86cbb0000 - 0x00007ff86cbb9000 	C:\Program Files\Java\jre1.8.0_231\bin\dt_socket.dll
0x00007ff871150000 - 0x00007ff871167000 	C:\WINDOWS\system32\napinsp.dll
0x00007ff871170000 - 0x00007ff87118b000 	C:\WINDOWS\system32\pnrpnsp.dll
0x00007ff8711e0000 - 0x00007ff8711f5000 	C:\WINDOWS\system32\wshbth.dll
0x00007ff878510000 - 0x00007ff87852d000 	C:\WINDOWS\system32\NLAapi.dll
0x00007ff87caf0000 - 0x00007ff87cb2b000 	C:\WINDOWS\SYSTEM32\IPHLPAPI.DLL
0x00007ff87ce00000 - 0x00007ff87ce6a000 	C:\WINDOWS\System32\mswsock.dll
0x00007ff87cb80000 - 0x00007ff87cc4b000 	C:\WINDOWS\SYSTEM32\DNSAPI.dll
0x00007ff87ebf0000 - 0x00007ff87ebf8000 	C:\WINDOWS\System32\NSI.dll
0x00007ff8731e0000 - 0x00007ff8731f2000 	C:\WINDOWS\System32\winrnr.dll
0x0000000051450000 - 0x0000000051476000 	C:\Program Files\Bonjour\mdnsNSP.dll
0x00007ff873890000 - 0x00007ff873910000 	C:\WINDOWS\System32\fwpuclnt.dll
0x00007ff87d8c0000 - 0x00007ff87d8e7000 	C:\WINDOWS\System32\bcrypt.dll
0x00007ff873230000 - 0x00007ff87323a000 	C:\Windows\System32\rasadhlp.dll
0x00007ff8614d0000 - 0x00007ff8614ea000 	C:\Program Files\Java\jre1.8.0_231\bin\net.dll
0x00007ff87d000000 - 0x00007ff87d018000 	C:\WINDOWS\SYSTEM32\CRYPTSP.dll
0x00007ff87c780000 - 0x00007ff87c7b4000 	C:\WINDOWS\system32\rsaenh.dll
0x00007ff87d610000 - 0x00007ff87d63e000 	C:\WINDOWS\SYSTEM32\USERENV.dll
0x00007ff87dfc0000 - 0x00007ff87e042000 	C:\WINDOWS\System32\bcryptprimitives.dll
0x00007ff87cff0000 - 0x00007ff87cffc000 	C:\WINDOWS\SYSTEM32\CRYPTBASE.dll
0x00007ff877ce0000 - 0x00007ff877cf7000 	C:\WINDOWS\SYSTEM32\dhcpcsvc6.DLL
0x00007ff877e60000 - 0x00007ff877e7d000 	C:\WINDOWS\SYSTEM32\dhcpcsvc.DLL
0x00007ff85d6d0000 - 0x00007ff85d6e2000 	C:\Program Files\Java\jre1.8.0_231\bin\nio.dll
0x00007ff878100000 - 0x00007ff8782e4000 	C:\WINDOWS\SYSTEM32\dbghelp.dll

VM Arguments:
jvm_args: -agentlib:jdwp=transport=dt_socket,suspend=y,address=localhost:14748 -ea -Dfile.encoding=Cp1252 
java_command: org.testng.remote.RemoteTestNG -serport 14746 -protocol json -d C:\Users\Achini\Desktop\AUG-22\automation\glautomationframework\test-output C:\Users\Achini\AppData\Local\Temp\testng-eclipse-2019614973\testng-customsuite.xml
java_class_path (initial): C:\eclipse\configuration\org.eclipse.osgi\1070\0\.cp\lib\testng-remote.jar;C:\Users\Achini\Desktop\AUG-22\automation\glautomationframework\target\test-classes;C:\Users\Achini\Desktop\AUG-22\automation\glautomationframework\target\classes;C:\Users\Achini\.m2\repository\com\relevantcodes\extentreports\2.41.2\extentreports-2.41.2.jar;C:\Users\Achini\.m2\repository\org\jsoup\jsoup\1.8.3\jsoup-1.8.3.jar;C:\Users\Achini\.m2\repository\org\xerial\sqlite-jdbc\3.8.11.1\sqlite-jdbc-3.8.11.1.jar;C:\Users\Achini\.m2\repository\org\mongodb\mongodb-driver\3.0.4\mongodb-driver-3.0.4.jar;C:\Users\Achini\.m2\repository\org\mongodb\bson\3.0.4\bson-3.0.4.jar;C:\Users\Achini\.m2\repository\org\mongodb\mongodb-driver-core\3.0.4\mongodb-driver-core-3.0.4.jar;C:\Users\Achini\.m2\repository\org\testng\testng\7.1.0\testng-7.1.0.jar;C:\Users\Achini\.m2\repository\com\beust\jcommander\1.72\jcommander-1.72.jar;C:\Users\Achini\.m2\repository\com\google\inject\guice\4.1.0\guice-4.1.0-no_aop.jar;C:\Users\Achini\.m2\repository\javax\inject\javax.inject\1\javax.inject-1.jar;C:\Users\Achini\.m2\repository\aopalliance\aopalliance\1.0\aopalliance-1.0.jar;C:\Users\Achini\.m2\repository\org\yaml\snakeyaml\1.21\snakeyaml-1.21.jar;C:\Users\Achini\.m2\repository\org\seleniumhq\selenium\selenium-java\3.141.5\selenium-java-3.141.5.jar;C:\Users\Achini\.m2\repository\org\seleniumhq\selenium\selenium-api\3.141.5\selenium-api-3.141.5.jar;C:\Users\Achini\.m2\repository\org\seleniumhq\selenium\selenium-edge-driver\3.141.5\selenium-edge-driver-3.141.5.jar;C:\Users\Achini\.m2\repository\org\seleniumhq\selenium\selenium-firefox-driver\3.141.5\selenium-firefox-driver-3.141.5.jar;C:\Users\Achini\.m2\repository\org\seleniumhq\selenium\selenium-ie-driver\3.141.5\selenium-ie-driver-3.141.5.jar;C:\Users\Achini\.m2\repository\org\seleniumhq\selenium\selenium-opera-driver\3.141.5\selenium-opera-driver-3.141.5.jar;C:\Users\Achini\.m2\repository\org\seleniumhq\selenium\selenium-safari-driver\3.141.
Launcher Type: SUN_STANDARD

Environment Variables:
PATH=C:/eclipse//plugins/org.eclipse.justj.openjdk.hotspot.jre.full.win32.x86_64_16.0.1.v20210528-1205/jre/bin/server;C:/eclipse//plugins/org.eclipse.justj.openjdk.hotspot.jre.full.win32.x86_64_16.0.1.v20210528-1205/jre/bin;C:\Program Files (x86)\Common Files\Oracle\Java\javapath;C:\Program Files\Python39\Scripts\;C:\Program Files\Python39\;C:\Program Files (x86)\Common Files\Intel\Shared Libraries\redist\intel64\compiler;C:\Program Files (x86)\PC Connectivity Solution\;C:\ProgramData\Oracle\Java\javapath;C:\Program Files (x86)\Intel\iCLS Client\;C:\Program Files\Intel\iCLS Client\;C:\WINDOWS\system32;C:\WINDOWS;C:\WINDOWS\System32\Wbem;C:\WINDOWS\System32\WindowsPowerShell\v1.0\;C:\Program Files (x86)\Intel\Intel(R) Management Engine Components\DAL;C:\Program Files\Intel\Intel(R) Management Engine Components\DAL;C:\Program Files (x86)\Intel\Intel(R) Management Engine Components\IPT;C:\Program Files\Intel\Intel(R) Management Engine Components\IPT;C:\WINDOWS\System32\OpenSSH\;C:\Program Files\Microsoft VS Code\bin;C:\Program Files\swipl\bin;C:\Program Files\Git\cmd;C:\Program Files\dotnet\;C:\Program Files\Microsoft SQL Server\Client SDK\ODBC\170\Tools\Binn\;C:\Program Files (x86)\Microsoft SQL Server\150\Tools\Binn\;C:\Program Files\Microsoft SQL Server\150\Tools\Binn\;C:\Program Files\Microsoft SQL Server\150\DTS\Binn\;C:\Program Files (x86)\Microsoft SQL Server\150\DTS\Binn\;C:\Program Files\nodejs\;C:\Program Files\MySQL\MySQL Shell 8.0\bin\;C:\Users\Achini\AppData\Local\Microsoft\WindowsApps;C:\Users\Achini\.dotnet\tools;C:\Users\Achini\.dotnet\tools;C:\Users\Achini\AppData\Local\Microsoft\WindowsApps;C:\Program Files\NuSMV-2.6.0-win64\bin;C:\Users\Achini\AppData\Local\GitHubDesktop\bin;C:\Program Files\JetBrains\IntelliJ IDEA Community Edition 2021.2.1\bin;;C:\Users\Achini\AppData\Roaming\npm;C:\eclipse;
USERNAME=Agent
OS=Windows_NT
PROCESSOR_IDENTIFIER=Intel64 Family 6 Model 78 Stepping 3, GenuineIntel



---------------  S Y S T E M  ---------------

OS: Windows 10.0 , 64 bit Build 19041 (10.0.19041.1806)

CPU:total 4 (initial active 4) (2 cores per cpu, 2 threads per core) family 6 model 78 stepping 3, cmov, cx8, fxsr, mmx, sse, sse2, sse3, ssse3, sse4.1, sse4.2, popcnt, avx, avx2, aes, clmul, erms, 3dnowpref, lzcnt, ht, tsc, tscinvbit, bmi1, bmi2, adx

Memory: 4k page, physical 8285088k(965888k free), swap 20343712k(3038804k free)

vm_info: Java HotSpot(TM) 64-Bit Server VM (25.231-b11) for windows-amd64 JRE (1.8.0_231-b11), built on Oct  5 2019 03:11:30 by "java_re" with MS VC++ 10.0 (VS2010)

time: Mon Sep 12 01:08:52 2022
timezone: Sri Lanka Standard Time
elapsed time: 57 seconds (0d 0h 0m 57s)

